<?xml version="1.0" encoding="UTF-8"?>
<testng-results ignored="0" total="1" passed="1" failed="0" skipped="0">
  <reporter-output>
  </reporter-output>
  <suite started-at="2023-02-08T12:53:13Z" name="All Test Suite" finished-at="2023-02-08T12:53:37Z" duration-ms="24492">
    <groups>
    </groups>
    <test started-at="2023-02-08T12:53:13Z" name="/home/dhananjai/IdeaProjects/InetBanking" finished-at="2023-02-08T12:53:37Z" duration-ms="24492">
      <class name="inetbanking.testCases.TC_LoginTest_001">
        <test-method is-config="true" signature="setup(java.lang.String)[pri:0, instance:inetbanking.testCases.TC_LoginTest_001@13eb8acf]" started-at="2023-02-08T12:53:13Z" name="setup" finished-at="2023-02-08T12:53:15Z" duration-ms="2639" status="PASS">
          <params>
            <param index="0">
              <value>
                <![CDATA[edge]]>
              </value>
            </param>
          </params>
          <reporter-output>
          </reporter-output>
        </test-method> <!-- setup -->
        <test-method signature="loginTest()[pri:0, instance:inetbanking.testCases.TC_LoginTest_001@13eb8acf]" started-at="2023-02-08T12:53:15Z" name="loginTest" finished-at="2023-02-08T12:53:37Z" duration-ms="21694" status="PASS">
          <reporter-output>
          </reporter-output>
        </test-method> <!-- loginTest -->
        <test-method is-config="true" signature="teatDown()[pri:0, instance:inetbanking.testCases.TC_LoginTest_001@13eb8acf]" started-at="2023-02-08T12:53:37Z" name="teatDown" finished-at="2023-02-08T12:53:37Z" duration-ms="137" status="PASS">
          <reporter-output>
          </reporter-output>
        </test-method> <!-- teatDown -->
      </class> <!-- inetbanking.testCases.TC_LoginTest_001 -->
    </test> <!-- /home/dhananjai/IdeaProjects/InetBanking -->
  </suite> <!-- All Test Suite -->
</testng-results>
